<?xml version="1.0" encoding="UTF-8"?>
<!-- Generated by org.testng.reporters.JUnitReportReporter -->
<testsuite skipped="0" hostname="MaRi-Asalta" name="test.JavaTestprogram" tests="1" failures="0" timestamp="2021-02-20T13:18:35 IST" time="12.153" errors="0">
  <testcase name="openUrl" time="12.153" classname="test.JavaTestprogram"/>
</testsuite> <!-- test.JavaTestprogram -->
